#
# There is insufficient memory for the Java Runtime Environment to continue.
# Native memory allocation (mmap) failed to map 264241152 bytes for G1 virtual space
# Possible reasons:
#   The system is out of physical RAM or swap space
#   The process is running with CompressedOops enabled, and the Java Heap may be blocking the growth of the native heap
# Possible solutions:
#   Reduce memory load on the system
#   Increase physical memory or swap space
#   Check if swap backing store is full
#   Decrease Java heap size (-Xmx/-Xms)
#   Decrease number of Java threads
#   Decrease Java thread stack sizes (-Xss)
#   Set larger code cache with -XX:ReservedCodeCacheSize=
#   JVM is running with Zero Based Compressed Oops mode in which the Java heap is
#     placed in the first 32GB address space. The Java Heap base address is the
#     maximum limit for the native heap growth. Please use -XX:HeapBaseMinAddress
#     to set the Java Heap base and to place the Java Heap above 32GB virtual address.
# This output file may be truncated or incomplete.
#
#  Out of Memory Error (os_windows.cpp:3825), pid=2068, tid=24724
#
# JRE version:  (17.0.10) (build )
# Java VM: OpenJDK 64-Bit Server VM (17.0.10+0--11609105, mixed mode, sharing, tiered, compressed oops, compressed class ptrs, g1 gc, windows-amd64)
# No core dump will be written. Minidumps are not enabled by default on client versions of Windows
#

---------------  S U M M A R Y ------------

Command Line: git4idea.http.GitAskPassApp Username for 'https://github.com': 

Host: 11th Gen Intel(R) Core(TM) i5-11400H @ 2.70GHz, 12 cores, 15G,  Windows 11 , 64 bit Build 22621 (10.0.22621.3958)
Time: Tue Aug  6 02:20:00 2024 SE Asia Standard Time elapsed time: 0.006167 seconds (0d 0h 0m 0s)

---------------  T H R E A D  ---------------

Current thread (0x0000018d70a3ca20):  JavaThread "Unknown thread" [_thread_in_vm, id=24724, stack(0x0000006bd2200000,0x0000006bd2300000)]

Stack: [0x0000006bd2200000,0x0000006bd2300000]
Native frames: (J=compiled Java code, j=interpreted, Vv=VM code, C=native code)
V  [jvm.dll+0x688de9]
V  [jvm.dll+0x8423da]
V  [jvm.dll+0x84401e]
V  [jvm.dll+0x844683]
V  [jvm.dll+0x24be0f]
V  [jvm.dll+0x685bb9]
V  [jvm.dll+0x67a46a]
V  [jvm.dll+0x30cbab]
V  [jvm.dll+0x314056]
V  [jvm.dll+0x363dce]
V  [jvm.dll+0x363fff]
V  [jvm.dll+0x2e2978]
V  [jvm.dll+0x2e38e4]
V  [jvm.dll+0x812f71]
V  [jvm.dll+0x371c81]
V  [jvm.dll+0x7f1ac6]
V  [jvm.dll+0x3f58df]
V  [jvm.dll+0x3f7511]
C  [jli.dll+0x528f]
C  [ucrtbase.dll+0x29333]
C  [KERNEL32.DLL+0x1257d]
C  [ntdll.dll+0x5af28]


---------------  P R O C E S S  ---------------

Threads class SMR info:
_java_thread_list=0x00007ffa9eeaef58, length=0, elements={
}

Java Threads: ( => current thread )

Other Threads:
  0x0000018d70aaef10 GCTaskThread "GC Thread#0" [stack: 0x0000006bd2300000,0x0000006bd2400000] [id=24772]
  0x0000018d70abfa20 ConcurrentGCThread "G1 Main Marker" [stack: 0x0000006bd2400000,0x0000006bd2500000] [id=23468]
  0x0000018d70ac0440 ConcurrentGCThread "G1 Conc#0" [stack: 0x0000006bd2500000,0x0000006bd2600000] [id=13984]

[error occurred during error reporting (printing all threads), id 0xc0000005, EXCEPTION_ACCESS_VIOLATION (0xc0000005) at pc=0x00007ffa9e663547]

VM state: not at safepoint (not fully initialized)

VM Mutex/Monitor currently owned by a thread:  ([mutex/lock_event])
[0x0000018d70a38750] Heap_lock - owner thread: 0x0000018d70a3ca20

Heap address: 0x0000000704400000, size: 4028 MB, Compressed Oops mode: Zero based, Oop shift amount: 3

CDS archive(s) mapped at: [0x0000000000000000-0x0000000000000000-0x0000000000000000), size 0, SharedBaseAddress: 0x0000000800000000, ArchiveRelocationMode: 1.
Narrow klass base: 0x0000000000000000, Narrow klass shift: 0, Narrow klass range: 0x0

GC Precious Log:
<Empty>

Heap:
 garbage-first heap   total 0K, used 0K [0x0000000704400000, 0x0000000800000000)
  region size 2048K, 0 young (0K), 0 survivors (0K)
 Metaspace       used 0K, committed 0K, reserved 0K
  class space    used 0K, committed 0K, reserved 0K

Heap Regions: E=young(eden), S=young(survivor), O=old, HS=humongous(starts), HC=humongous(continues), CS=collection set, F=free, OA=open archive, CA=closed archive, TAMS=top-at-mark-start (previous, next)

Card table byte_map: [0x0000018d76b80000,0x0000018d77360000] _byte_map_base: 0x0000018d7335e000

Marking Bits (Prev, Next): (CMBitMap*) 0x0000018d70aaf530, (CMBitMap*) 0x0000018d70aaf570
 Prev Bits: [0x0000018d77b40000, 0x0000018d7ba30000)
 Next Bits: [0x0000018d7ba30000, 0x0000018d7f920000)

GC Heap History (0 events):
No events

Dll operation events (1 events):
Event: 0.004 Loaded shared library C:\Program Files\Android\Android Studio1\jbr\bin\java.dll

Deoptimization events (0 events):
No events

Classes unloaded (0 events):
No events

Classes redefined (0 events):
No events

Internal exceptions (0 events):
No events

VM Operations (0 events):
No events

Events (0 events):
No events


Dynamic libraries:
0x00007ff61e480000 - 0x00007ff61e48a000 	C:\Program Files\Android\Android Studio1\jbr\bin\java.exe
0x00007ffb3aa90000 - 0x00007ffb3aca7000 	C:\WINDOWS\SYSTEM32\ntdll.dll
0x00007ffb39b40000 - 0x00007ffb39c04000 	C:\WINDOWS\System32\KERNEL32.DLL
0x00007ffb37db0000 - 0x00007ffb3815d000 	C:\WINDOWS\System32\KERNELBASE.dll
0x00007ffb38330000 - 0x00007ffb38441000 	C:\WINDOWS\System32\ucrtbase.dll
0x00007ffb29ef0000 - 0x00007ffb29f07000 	C:\Program Files\Android\Android Studio1\jbr\bin\jli.dll
0x00007ffb38920000 - 0x00007ffb38ace000 	C:\WINDOWS\System32\USER32.dll
0x00007ffb38160000 - 0x00007ffb38186000 	C:\WINDOWS\System32\win32u.dll
0x00007ffb217b0000 - 0x00007ffb21a43000 	C:\WINDOWS\WinSxS\amd64_microsoft.windows.common-controls_6595b64144ccf1df_6.0.22621.3672_none_2713b9d173822955\COMCTL32.dll
0x00007ffb309d0000 - 0x00007ffb309eb000 	C:\Program Files\Android\Android Studio1\jbr\bin\VCRUNTIME140.dll
0x00007ffb3a5e0000 - 0x00007ffb3a609000 	C:\WINDOWS\System32\GDI32.dll
0x00007ffb3a9a0000 - 0x00007ffb3aa47000 	C:\WINDOWS\System32\msvcrt.dll
0x00007ffb38210000 - 0x00007ffb38329000 	C:\WINDOWS\System32\gdi32full.dll
0x00007ffb38480000 - 0x00007ffb3851a000 	C:\WINDOWS\System32\msvcp_win.dll
0x00007ffb3a220000 - 0x00007ffb3a251000 	C:\WINDOWS\System32\IMM32.DLL
0x00007ffb321c0000 - 0x00007ffb321cc000 	C:\Program Files\Android\Android Studio1\jbr\bin\vcruntime140_1.dll
0x00007ffafc910000 - 0x00007ffafc99d000 	C:\Program Files\Android\Android Studio1\jbr\bin\msvcp140.dll
0x00007ffa9e370000 - 0x00007ffa9eff3000 	C:\Program Files\Android\Android Studio1\jbr\bin\server\jvm.dll
0x00007ffb3a260000 - 0x00007ffb3a312000 	C:\WINDOWS\System32\ADVAPI32.dll
0x00007ffb39570000 - 0x00007ffb39619000 	C:\WINDOWS\System32\sechost.dll
0x00007ffb38450000 - 0x00007ffb38478000 	C:\WINDOWS\System32\bcrypt.dll
0x00007ffb3a4b0000 - 0x00007ffb3a5c4000 	C:\WINDOWS\System32\RPCRT4.dll
0x00007ffb36c40000 - 0x00007ffb36c8d000 	C:\WINDOWS\SYSTEM32\POWRPROF.dll
0x00007ffb20c60000 - 0x00007ffb20c69000 	C:\WINDOWS\SYSTEM32\WSOCK32.dll
0x00007ffb309f0000 - 0x00007ffb30a24000 	C:\WINDOWS\SYSTEM32\WINMM.dll
0x00007ffb39c20000 - 0x00007ffb39c91000 	C:\WINDOWS\System32\WS2_32.dll
0x00007ffb302b0000 - 0x00007ffb302ba000 	C:\WINDOWS\SYSTEM32\VERSION.dll
0x00007ffb36c20000 - 0x00007ffb36c33000 	C:\WINDOWS\SYSTEM32\UMPDC.dll
0x00007ffb36ed0000 - 0x00007ffb36ee8000 	C:\WINDOWS\SYSTEM32\kernel.appcore.dll
0x00007ffb31950000 - 0x00007ffb3195a000 	C:\Program Files\Android\Android Studio1\jbr\bin\jimage.dll
0x00007ffb356e0000 - 0x00007ffb35912000 	C:\WINDOWS\SYSTEM32\DBGHELP.DLL
0x00007ffb3a610000 - 0x00007ffb3a99d000 	C:\WINDOWS\System32\combase.dll
0x00007ffb3a3d0000 - 0x00007ffb3a4a7000 	C:\WINDOWS\System32\OLEAUT32.dll
0x00007ffb28b50000 - 0x00007ffb28b82000 	C:\WINDOWS\SYSTEM32\dbgcore.DLL
0x00007ffb38190000 - 0x00007ffb3820b000 	C:\WINDOWS\System32\bcryptPrimitives.dll
0x00007ffb26ce0000 - 0x00007ffb26d05000 	C:\Program Files\Android\Android Studio1\jbr\bin\java.dll

dbghelp: loaded successfully - version: 4.0.5 - missing functions: none
symbol engine: initialized successfully - sym options: 0x614 - pdb path: .;C:\Program Files\Android\Android Studio1\jbr\bin;C:\WINDOWS\SYSTEM32;C:\WINDOWS\WinSxS\amd64_microsoft.windows.common-controls_6595b64144ccf1df_6.0.22621.3672_none_2713b9d173822955;C:\Program Files\Android\Android Studio1\jbr\bin\server

VM Arguments:
java_command: git4idea.http.GitAskPassApp Username for 'https://github.com': 
java_class_path (initial): C:/Program Files/Android/Android Studio1/plugins/vcs-git/lib/git4idea-rt.jar;C:/Program Files/Android/Android Studio1/lib/externalProcess-rt.jar
Launcher Type: SUN_STANDARD

[Global flags]
     intx CICompilerCount                          = 4                                         {product} {ergonomic}
     uint ConcGCThreads                            = 3                                         {product} {ergonomic}
     uint G1ConcRefinementThreads                  = 10                                        {product} {ergonomic}
   size_t G1HeapRegionSize                         = 2097152                                   {product} {ergonomic}
    uintx GCDrainStackTargetSize                   = 64                                        {product} {ergonomic}
   size_t InitialHeapSize                          = 264241152                                 {product} {ergonomic}
   size_t MarkStackSize                            = 4194304                                   {product} {ergonomic}
   size_t MaxHeapSize                              = 4223664128                                {product} {ergonomic}
   size_t MinHeapDeltaBytes                        = 2097152                                   {product} {ergonomic}
   size_t MinHeapSize                              = 8388608                                   {product} {ergonomic}
    uintx NonNMethodCodeHeapSize                   = 5839372                                {pd product} {ergonomic}
    uintx NonProfiledCodeHeapSize                  = 122909434                              {pd product} {ergonomic}
    uintx ProfiledCodeHeapSize                     = 122909434                              {pd product} {ergonomic}
    uintx ReservedCodeCacheSize                    = 251658240                              {pd product} {ergonomic}
     bool SegmentedCodeCache                       = true                                      {product} {ergonomic}
   size_t SoftMaxHeapSize                          = 4223664128                             {manageable} {ergonomic}
     bool UseCompressedClassPointers               = true                           {product lp64_product} {ergonomic}
     bool UseCompressedOops                        = true                           {product lp64_product} {ergonomic}
     bool UseG1GC                                  = true                                      {product} {ergonomic}
     bool UseLargePagesIndividualAllocation        = false                                  {pd product} {ergonomic}

Logging:
Log output configuration:
 #0: stdout all=warning uptime,level,tags
 #1: stderr all=off uptime,level,tags

Environment Variables:
PATH=C:/Program Files/Git/mingw64/libexec/git-core;C:/Program Files/Git/mingw64/libexec/git-core;C:\Program Files\Git\mingw64\bin;C:\Program Files\Git\usr\bin;C:\Users\Admin\bin;C:\Program Files\Common Files\Oracle\Java\javapath;C:\Windows\system32;C:\Windows;C:\Windows\System32\Wbem;C:\Windows\System32\WindowsPowerShell\v1.0\;C:\Windows\System32\OpenSSH\;C:\Program Files (x86)\NVIDIA Corporation\PhysX\Common;C:\Program Files\NVIDIA Corporation\NVIDIA NvDLISR;C:\WINDOWS\system32;C:\WINDOWS;C:\WINDOWS\System32\Wbem;C:\WINDOWS\System32\WindowsPowerShell\v1.0\;C:\WINDOWS\System32\OpenSSH\;C:\Program Files\dotnet\;C:\Program Files\Git\cmd;C:\Users\Admin\AppData\Local\Microsoft\WindowsApps;C:\Users\Admin\AppData\Local\Programs\Microsoft VS Code\bin;C:\Users\Admin\AppData\Local\GitHubDesktop\bin
USERNAME=Admin
DISPLAY=:0.0
LC_ALL=en_US.UTF-8
TERM=xterm-256color
TMPDIR=C:\Users\Admin\AppData\Local\Temp
OS=Windows_NT
PROCESSOR_IDENTIFIER=Intel64 Family 6 Model 141 Stepping 1, GenuineIntel
TMP=C:\Users\Admin\AppData\Local\Temp
TEMP=C:\Users\Admin\AppData\Local\Temp



Periodic native trim disabled

JNI global refs:
JNI global refs: 0, weak refs: 0

JNI global refs memory usage: 0, weak refs: 0

OOME stack traces (most recent first):
Classloader memory used:


---------------  S Y S T E M  ---------------

OS:
 Windows 11 , 64 bit Build 22621 (10.0.22621.3958)
OS uptime: 0 days 18:50 hours

CPU: total 12 (initial active 12) (6 cores per cpu, 2 threads per core) family 6 model 141 stepping 1 microcode 0x34, cx8, cmov, fxsr, ht, mmx, 3dnowpref, sse, sse2, sse3, ssse3, sse4.1, sse4.2, popcnt, lzcnt, tsc, tscinvbit, avx, avx2, aes, erms, clmul, bmi1, bmi2, adx, avx512f, avx512dq, avx512cd, avx512bw, avx512vl, sha, fma, vzeroupper, avx512_vpopcntdq, avx512_vpclmulqdq, avx512_vaes, avx512_vnni, clflush, clflushopt, clwb, avx512_vbmi2, avx512_vbmi
Processor Information for all 12 processors :
  Max Mhz: 2688, Current Mhz: 2688, Mhz Limit: 2688

Memory: 4k page, system-wide physical 16106M (1662M free)
TotalPageFile size 21774M (AvailPageFile size 175M)
current process WorkingSet (physical memory assigned to process): 12M, peak: 12M
current process commit charge ("private bytes"): 64M, peak: 316M

vm_info: OpenJDK 64-Bit Server VM (17.0.10+0--11609105) for windows-amd64 JRE (17.0.10+0--11609105), built on Mar 21 2024 19:10:56 by "androidbuild" with MS VC++ 16.10 / 16.11 (VS2019)

END.
